[NoData] JUNTA ZENIARJA - https://sinta.kemdikbud.go.id/authors/profile/5979806?view=garuda - Halaman tidak mengandung publikasi.
[NoData] YANI PARTI ASTUTI - https://sinta.kemdikbud.go.id/authors/profile/6030930?view=garuda - Halaman tidak mengandung publikasi.
[NoData] ERWIN YUDI HIDAYAT - https://sinta.kemdikbud.go.id/authors/profile/6649114?view=garuda - Halaman tidak mengandung publikasi.
[NoData] ELKAF RAHMAWAN PRAMUDYA - https://sinta.kemdikbud.go.id/authors/profile/6798359?view=garuda - Halaman tidak mengandung publikasi.
[NoData] DANNY OKA RATMANA - https://sinta.kemdikbud.go.id/authors/profile/6856388?view=garuda - Halaman tidak mengandung publikasi.
[NoData] DEFRI KURNIAWAN - https://sinta.kemdikbud.go.id/authors/profile/6102014?view=garuda - Halaman tidak mengandung publikasi.
[NoData] HERU LESTIAWAN - https://sinta.kemdikbud.go.id/authors/profile/6784037?view=garuda - Halaman tidak mengandung publikasi.
[NoData] NOVIANTO NUR HIDAYAT - https://sinta.kemdikbud.go.id/authors/profile/6837013?view=garuda - Halaman tidak mengandung publikasi.
[NoData] EDI FAISAL - https://sinta.kemdikbud.go.id/authors/profile/6804177?view=garuda - Halaman tidak mengandung publikasi.
[RequestError] SUPRAYOGI - https://sinta.kemdikbud.go.id/authors/profile/6140831?view=garuda - HTTPSConnectionPool(host='sinta.kemdikbud.go.id', port=443): Max retries exceeded with url: /authors/profile/6140831?view=garuda (Caused by ConnectTimeoutError(<urllib3.connection.HTTPSConnection object at 0x787fe3a67ee0>, 'Connection to sinta.kemdikbud.go.id timed out. (connect timeout=10)'))
[NoData] FAHRI FIRDAUSILLAH - https://sinta.kemdikbud.go.id/authors/profile/6100768?view=garuda - Halaman tidak mengandung publikasi.
[NoData] APRILYANI NUR SAFITRI - https://sinta.kemdikbud.go.id/authors/profile/6835545?view=garuda - Halaman tidak mengandung publikasi.
[NoData] DANAR CAHYO PRAKOSO - https://sinta.kemdikbud.go.id/authors/profile/6877252?view=garuda - Halaman tidak mengandung publikasi.
[NoData] FERI AGUSTINA - https://sinta.kemdikbud.go.id/authors/profile/6685635?view=garuda - Halaman tidak mengandung publikasi.
[NoData] IMANUEL HARKESPAN - https://sinta.kemdikbud.go.id/authors/profile/6783218?view=garuda - Halaman tidak mengandung publikasi.
[NoData] DE ROSAL IGNATIUS MOSES SETIADI - https://sinta.kemdikbud.go.id/authors/profile/6007744?view=garuda - Halaman tidak mengandung publikasi.
[NoData] AJIB SUSANTO - https://sinta.kemdikbud.go.id/authors/profile/6031241?view=garuda - Halaman tidak mengandung publikasi.
[NoData] JUNTA ZENIARJA - https://sinta.kemdikbud.go.id/authors/profile/5979806?view=garuda - Halaman tidak mengandung publikasi.
[NoData] DANANG WAHYU UTOMO - https://sinta.kemdikbud.go.id/authors/profile/9008?view=garuda - Halaman tidak mengandung publikasi.
[NoData] YANI PARTI ASTUTI - https://sinta.kemdikbud.go.id/authors/profile/6030930?view=garuda - Halaman tidak mengandung publikasi.
[NoData] ERWIN YUDI HIDAYAT - https://sinta.kemdikbud.go.id/authors/profile/6649114?view=garuda - Halaman tidak mengandung publikasi.
[NoData] DANNY OKA RATMANA - https://sinta.kemdikbud.go.id/authors/profile/6856388?view=garuda - Halaman tidak mengandung publikasi.
[NoData] ELKAF RAHMAWAN PRAMUDYA - https://sinta.kemdikbud.go.id/authors/profile/6798359?view=garuda - Halaman tidak mengandung publikasi.
[NoData] DEFRI KURNIAWAN - https://sinta.kemdikbud.go.id/authors/profile/6102014?view=garuda - Halaman tidak mengandung publikasi.
[NoData] HERU LESTIAWAN - https://sinta.kemdikbud.go.id/authors/profile/6784037?view=garuda - Halaman tidak mengandung publikasi.
[NoData] NOVIANTO NUR HIDAYAT - https://sinta.kemdikbud.go.id/authors/profile/6837013?view=garuda - Halaman tidak mengandung publikasi.
[NoData] EDI FAISAL - https://sinta.kemdikbud.go.id/authors/profile/6804177?view=garuda - Halaman tidak mengandung publikasi.
[NoData] FAHRI FIRDAUSILLAH - https://sinta.kemdikbud.go.id/authors/profile/6100768?view=garuda - Halaman tidak mengandung publikasi.
[NoData] APRILYANI NUR SAFITRI - https://sinta.kemdikbud.go.id/authors/profile/6835545?view=garuda - Halaman tidak mengandung publikasi.
[NoData] DANAR CAHYO PRAKOSO - https://sinta.kemdikbud.go.id/authors/profile/6877252?view=garuda - Halaman tidak mengandung publikasi.
[NoData] FERI AGUSTINA - https://sinta.kemdikbud.go.id/authors/profile/6685635?view=garuda - Halaman tidak mengandung publikasi.
[NoData] IMANUEL HARKESPAN - https://sinta.kemdikbud.go.id/authors/profile/6783218?view=garuda - Halaman tidak mengandung publikasi.
[NoData] AJIB SUSANTO - https://sinta.kemdikbud.go.id/authors/profile/6031241?view=garuda - Halaman tidak mengandung publikasi.
[NoData] JUNTA ZENIARJA - https://sinta.kemdikbud.go.id/authors/profile/5979806?view=garuda - Halaman tidak mengandung publikasi.
[NoData] YANI PARTI ASTUTI - https://sinta.kemdikbud.go.id/authors/profile/6030930?view=garuda - Halaman tidak mengandung publikasi.
[NoData] ERWIN YUDI HIDAYAT - https://sinta.kemdikbud.go.id/authors/profile/6649114?view=garuda - Halaman tidak mengandung publikasi.
[NoData] DANNY OKA RATMANA - https://sinta.kemdikbud.go.id/authors/profile/6856388?view=garuda - Halaman tidak mengandung publikasi.
[NoData] ELKAF RAHMAWAN PRAMUDYA - https://sinta.kemdikbud.go.id/authors/profile/6798359?view=garuda - Halaman tidak mengandung publikasi.
[NoData] DEFRI KURNIAWAN - https://sinta.kemdikbud.go.id/authors/profile/6102014?view=garuda - Halaman tidak mengandung publikasi.
[NoData] HERU LESTIAWAN - https://sinta.kemdikbud.go.id/authors/profile/6784037?view=garuda - Halaman tidak mengandung publikasi.
[NoData] NOVIANTO NUR HIDAYAT - https://sinta.kemdikbud.go.id/authors/profile/6837013?view=garuda - Halaman tidak mengandung publikasi.
[NoData] EDI FAISAL - https://sinta.kemdikbud.go.id/authors/profile/6804177?view=garuda - Halaman tidak mengandung publikasi.
[NoData] FAHRI FIRDAUSILLAH - https://sinta.kemdikbud.go.id/authors/profile/6100768?view=garuda - Halaman tidak mengandung publikasi.
[NoData] APRILYANI NUR SAFITRI - https://sinta.kemdikbud.go.id/authors/profile/6835545?view=garuda - Halaman tidak mengandung publikasi.
[NoData] DANAR CAHYO PRAKOSO - https://sinta.kemdikbud.go.id/authors/profile/6877252?view=garuda - Halaman tidak mengandung publikasi.
[NoData] FERI AGUSTINA - https://sinta.kemdikbud.go.id/authors/profile/6685635?view=garuda - Halaman tidak mengandung publikasi.
[NoData] IMANUEL HARKESPAN - https://sinta.kemdikbud.go.id/authors/profile/6783218?view=garuda - Halaman tidak mengandung publikasi.
[NoData] DE ROSAL IGNATIUS MOSES SETIADI - https://sinta.kemdikbud.go.id/authors/profile/6007744?view=garuda - Halaman tidak mengandung publikasi.
[NoData] AJIB SUSANTO - https://sinta.kemdikbud.go.id/authors/profile/6031241?view=garuda - Halaman tidak mengandung publikasi.
[NoData] CHRISTY ATIKA SARI - https://sinta.kemdikbud.go.id/authors/profile/9003?view=garuda - Halaman tidak mengandung publikasi.
[RequestError] RICARDUS ANGGI PRAMUNENDAR - https://sinta.kemdikbud.go.id/authors/profile/5973166?view=garuda - HTTPSConnectionPool(host='sinta.kemdikbud.go.id', port=443): Read timed out. (read timeout=10)
[RequestError] EKO HARI RACHMAWANTO - https://sinta.kemdikbud.go.id/authors/profile/5975744?view=garuda - HTTPSConnectionPool(host='sinta.kemdikbud.go.id', port=443): Read timed out. (read timeout=10)
[NoData] CHRISTY ATIKA SARI - https://sinta.kemdikbud.go.id/authors/profile/9003?view=garuda - Halaman tidak mengandung publikasi.
[NoData] MUHAMMAD SYAIFUR ROHMAN - https://sinta.kemdikbud.go.id/authors/profile/6679232?view=garuda - Halaman tidak mengandung publikasi.
[NoData] SRI WINARNO - https://sinta.kemdikbud.go.id/authors/profile/6714237?view=garuda - Halaman tidak mengandung publikasi.
[NoData] JUNTA ZENIARJA - https://sinta.kemdikbud.go.id/authors/profile/5979806?view=garuda - Halaman tidak mengandung publikasi.
[NoData] DANANG WAHYU UTOMO - https://sinta.kemdikbud.go.id/authors/profile/9008?view=garuda - Halaman tidak mengandung publikasi.
[NoData] YANI PARTI ASTUTI - https://sinta.kemdikbud.go.id/authors/profile/6030930?view=garuda - Halaman tidak mengandung publikasi.
[NoData] ERWIN YUDI HIDAYAT - https://sinta.kemdikbud.go.id/authors/profile/6649114?view=garuda - Halaman tidak mengandung publikasi.
[NoData] ADI PRIHANDONO - https://sinta.kemdikbud.go.id/authors/profile/6772237?view=garuda - Halaman tidak mengandung publikasi.
[NoData] DANNY OKA RATMANA - https://sinta.kemdikbud.go.id/authors/profile/6856388?view=garuda - Halaman tidak mengandung publikasi.
[NoData] ELKAF RAHMAWAN PRAMUDYA - https://sinta.kemdikbud.go.id/authors/profile/6798359?view=garuda - Halaman tidak mengandung publikasi.
[NoData] DAURAT SINAGA - https://sinta.kemdikbud.go.id/authors/profile/6715315?view=garuda - Halaman tidak mengandung publikasi.
[NoData] DEFRI KURNIAWAN - https://sinta.kemdikbud.go.id/authors/profile/6102014?view=garuda - Halaman tidak mengandung publikasi.
[NoData] HERU LESTIAWAN - https://sinta.kemdikbud.go.id/authors/profile/6784037?view=garuda - Halaman tidak mengandung publikasi.
[NoData] NOVIANTO NUR HIDAYAT - https://sinta.kemdikbud.go.id/authors/profile/6837013?view=garuda - Halaman tidak mengandung publikasi.
[NoData] EDI FAISAL - https://sinta.kemdikbud.go.id/authors/profile/6804177?view=garuda - Halaman tidak mengandung publikasi.
[NoData] FAHRI FIRDAUSILLAH - https://sinta.kemdikbud.go.id/authors/profile/6100768?view=garuda - Halaman tidak mengandung publikasi.
[NoData] APRILYANI NUR SAFITRI - https://sinta.kemdikbud.go.id/authors/profile/6835545?view=garuda - Halaman tidak mengandung publikasi.
[NoData] DANAR CAHYO PRAKOSO - https://sinta.kemdikbud.go.id/authors/profile/6877252?view=garuda - Halaman tidak mengandung publikasi.
[NoData] FERI AGUSTINA - https://sinta.kemdikbud.go.id/authors/profile/6685635?view=garuda - Halaman tidak mengandung publikasi.
[NoData] IMANUEL HARKESPAN - https://sinta.kemdikbud.go.id/authors/profile/6783218?view=garuda - Halaman tidak mengandung publikasi.
[NoData] EKO HARI RACHMAWANTO - https://sinta.kemdikbud.go.id/authors/profile/5975744?view=garuda - Halaman tidak mengandung publikasi.
[NoData] FAUZI ADI RAFRASTARA - https://sinta.kemdikbud.go.id/authors/profile/6690129?view=garuda - Halaman tidak mengandung publikasi.
[NoData] JUNTA ZENIARJA - https://sinta.kemdikbud.go.id/authors/profile/5979806?view=garuda - Halaman tidak mengandung publikasi.
[NoData] YANI PARTI ASTUTI - https://sinta.kemdikbud.go.id/authors/profile/6030930?view=garuda - Halaman tidak mengandung publikasi.
[NoData] ERWIN YUDI HIDAYAT - https://sinta.kemdikbud.go.id/authors/profile/6649114?view=garuda - Halaman tidak mengandung publikasi.
[NoData] IFAN RIZQA - https://sinta.kemdikbud.go.id/authors/profile/6782974?view=garuda - Halaman tidak mengandung publikasi.
[NoData] DANNY OKA RATMANA - https://sinta.kemdikbud.go.id/authors/profile/6856388?view=garuda - Halaman tidak mengandung publikasi.
[NoData] ELKAF RAHMAWAN PRAMUDYA - https://sinta.kemdikbud.go.id/authors/profile/6798359?view=garuda - Halaman tidak mengandung publikasi.
[NoData] SOLICHUL HUDA - https://sinta.kemdikbud.go.id/authors/profile/6007978?view=garuda - Halaman tidak mengandung publikasi.
[NoData] DEFRI KURNIAWAN - https://sinta.kemdikbud.go.id/authors/profile/6102014?view=garuda - Halaman tidak mengandung publikasi.
[NoData] HERU LESTIAWAN - https://sinta.kemdikbud.go.id/authors/profile/6784037?view=garuda - Halaman tidak mengandung publikasi.
[NoData] NOVIANTO NUR HIDAYAT - https://sinta.kemdikbud.go.id/authors/profile/6837013?view=garuda - Halaman tidak mengandung publikasi.
[NoData] EDI FAISAL - https://sinta.kemdikbud.go.id/authors/profile/6804177?view=garuda - Halaman tidak mengandung publikasi.
[NoData] FAHRI FIRDAUSILLAH - https://sinta.kemdikbud.go.id/authors/profile/6100768?view=garuda - Halaman tidak mengandung publikasi.
[NoData] APRILYANI NUR SAFITRI - https://sinta.kemdikbud.go.id/authors/profile/6835545?view=garuda - Halaman tidak mengandung publikasi.
[RequestError] SLAMET SUDARYANTO N - https://sinta.kemdikbud.go.id/authors/profile/5974890?view=garuda - HTTPSConnectionPool(host='sinta.kemdikbud.go.id', port=443): Read timed out. (read timeout=10)
[NoData] DANAR CAHYO PRAKOSO - https://sinta.kemdikbud.go.id/authors/profile/6877252?view=garuda - Halaman tidak mengandung publikasi.
[NoData] FERI AGUSTINA - https://sinta.kemdikbud.go.id/authors/profile/6685635?view=garuda - Halaman tidak mengandung publikasi.
[NoData] IMANUEL HARKESPAN - https://sinta.kemdikbud.go.id/authors/profile/6783218?view=garuda - Halaman tidak mengandung publikasi.
